# JRE version: Java(TM) SE Runtime Environment (8.0_45-b15) (build 1.8.0_45-b15)
# Java VM: Java HotSpot(TM) 64-Bit Server VM (25.45-b02 mixed mode windows-amd64 compressed oops)
Heap:
 PSYoungGen      total 280064K, used 155658K [0x000000076b800000, 0x000000077de00000, 0x00000007c0000000)
  eden space 260096K, 59% used [0x000000076b800000,0x0000000775002b70,0x000000077b600000)
  from space 19968K, 0% used [0x000000077ca80000,0x000000077ca80000,0x000000077de00000)
  to   space 20480K, 0% used [0x000000077b600000,0x000000077b600000,0x000000077ca00000)
 ParOldGen       total 142336K, used 27730K [0x00000006c2800000, 0x00000006cb300000, 0x000000076b800000)
  object space 142336K, 19% used [0x00000006c2800000,0x00000006c4314ae8,0x00000006cb300000)
 Metaspace       used 24422K, capacity 25188K, committed 25264K, reserved 1071104K
  class space    used 2835K, capacity 2968K, committed 2992K, reserved 1048576K
GC Heap History (10 events):
Event: 1.889 GC heap before
{Heap before GC invocations=3 (full 0):
 PSYoungGen      total 75776K, used 75749K [0x000000076b800000, 0x0000000770c80000, 0x00000007c0000000)
  eden space 65024K, 100% used [0x000000076b800000,0x000000076f780000,0x000000076f780000)
  from space 10752K, 99% used [0x0000000770200000,0x0000000770c79408,0x0000000770c80000)
  to   space 10752K, 0% used [0x000000076f780000,0x000000076f780000,0x0000000770200000)
 ParOldGen       total 173568K, used 1022K [0x00000006c2800000, 0x00000006cd180000, 0x000000076b800000)
  object space 173568K, 0% used [0x00000006c2800000,0x00000006c28ff8d8,0x00000006cd180000)
 Metaspace       used 15842K, capacity 16210K, committed 16384K, reserved 1062912K
  class space    used 1889K, capacity 1988K, committed 2048K, reserved 1048576K
Event: 1.897 GC heap after
Heap after GC invocations=3 (full 0):
 PSYoungGen      total 75776K, used 10744K [0x000000076b800000, 0x0000000774c00000, 0x00000007c0000000)
  eden space 65024K, 0% used [0x000000076b800000,0x000000076b800000,0x000000076f780000)
  from space 10752K, 99% used [0x000000076f780000,0x00000007701fe050,0x0000000770200000)
  to   space 10752K, 0% used [0x0000000774180000,0x0000000774180000,0x0000000774c00000)
 ParOldGen       total 173568K, used 4784K [0x00000006c2800000, 0x00000006cd180000, 0x000000076b800000)
  object space 173568K, 2% used [0x00000006c2800000,0x00000006c2cac388,0x00000006cd180000)
 Metaspace       used 15842K, capacity 16210K, committed 16384K, reserved 1062912K
  class space    used 1889K, capacity 1988K, committed 2048K, reserved 1048576K
}
Event: 2.168 GC heap before
{Heap before GC invocations=4 (full 0):
 PSYoungGen      total 75776K, used 75768K [0x000000076b800000, 0x0000000774c00000, 0x00000007c0000000)
  eden space 65024K, 100% used [0x000000076b800000,0x000000076f780000,0x000000076f780000)
  from space 10752K, 99% used [0x000000076f780000,0x00000007701fe050,0x0000000770200000)
  to   space 10752K, 0% used [0x0000000774180000,0x0000000774180000,0x0000000774c00000)
 ParOldGen       total 173568K, used 4784K [0x00000006c2800000, 0x00000006cd180000, 0x000000076b800000)
  object space 173568K, 2% used [0x00000006c2800000,0x00000006c2cac388,0x00000006cd180000)
 Metaspace       used 16081K, capacity 16414K, committed 16640K, reserved 1064960K
  class space    used 1890K, capacity 1990K, committed 2048K, reserved 1048576K
Event: 2.179 GC heap after
Heap after GC invocations=4 (full 0):
 PSYoungGen      total 140800K, used 10744K [0x000000076b800000, 0x0000000774c00000, 0x00000007c0000000)
  eden space 130048K, 0% used [0x000000076b800000,0x000000076b800000,0x0000000773700000)
  from space 10752K, 99% used [0x0000000774180000,0x0000000774bfe050,0x0000000774c00000)
  to   space 10752K, 0% used [0x0000000773700000,0x0000000773700000,0x0000000774180000)
 ParOldGen       total 173568K, used 11015K [0x00000006c2800000, 0x00000006cd180000, 0x000000076b800000)
  object space 173568K, 6% used [0x00000006c2800000,0x00000006c32c1d90,0x00000006cd180000)
 Metaspace       used 16081K, capacity 16414K, committed 16640K, reserved 1064960K
  class space    used 1890K, capacity 1990K, committed 2048K, reserved 1048576K
}
Event: 3.092 GC heap before
{Heap before GC invocations=5 (full 0):
 PSYoungGen      total 140800K, used 140792K [0x000000076b800000, 0x0000000774c00000, 0x00000007c0000000)
  eden space 130048K, 100% used [0x000000076b800000,0x0000000773700000,0x0000000773700000)
  from space 10752K, 99% used [0x0000000774180000,0x0000000774bfe050,0x0000000774c00000)
  to   space 10752K, 0% used [0x0000000773700000,0x0000000773700000,0x0000000774180000)
 ParOldGen       total 173568K, used 11015K [0x00000006c2800000, 0x00000006cd180000, 0x000000076b800000)
  object space 173568K, 6% used [0x00000006c2800000,0x00000006c32c1d90,0x00000006cd180000)
 Metaspace       used 17466K, capacity 18004K, committed 18304K, reserved 1064960K
  class space    used 2012K, capacity 2131K, committed 2176K, reserved 1048576K
Event: 3.104 GC heap after
Heap after GC invocations=5 (full 0):
 PSYoungGen      total 140800K, used 10728K [0x000000076b800000, 0x000000077df00000, 0x00000007c0000000)
  eden space 130048K, 0% used [0x000000076b800000,0x000000076b800000,0x0000000773700000)
  from space 10752K, 99% used [0x0000000773700000,0x000000077417a060,0x0000000774180000)
  to   space 20992K, 0% used [0x000000077ca80000,0x000000077ca80000,0x000000077df00000)
 ParOldGen       total 173568K, used 18477K [0x00000006c2800000, 0x00000006cd180000, 0x000000076b800000)
  object space 173568K, 10% used [0x00000006c2800000,0x00000006c3a0b650,0x00000006cd180000)
 Metaspace       used 17466K, capacity 18004K, committed 18304K, reserved 1064960K
  class space    used 2012K, capacity 2131K, committed 2176K, reserved 1048576K
}
Event: 3.352 GC heap before
{Heap before GC invocations=6 (full 0):
 PSYoungGen      total 140800K, used 39125K [0x000000076b800000, 0x000000077df00000, 0x00000007c0000000)
  eden space 130048K, 21% used [0x000000076b800000,0x000000076d3bb4f8,0x0000000773700000)
  from space 10752K, 99% used [0x0000000773700000,0x000000077417a060,0x0000000774180000)
  to   space 20992K, 0% used [0x000000077ca80000,0x000000077ca80000,0x000000077df00000)
 ParOldGen       total 173568K, used 18477K [0x00000006c2800000, 0x00000006cd180000, 0x000000076b800000)
  object space 173568K, 10% used [0x00000006c2800000,0x00000006c3a0b650,0x00000006cd180000)
 Metaspace       used 20629K, capacity 21204K, committed 21296K, reserved 1069056K
  class space    used 2433K, capacity 2563K, committed 2608K, reserved 1048576K
Event: 3.362 GC heap after
Heap after GC invocations=6 (full 0):
 PSYoungGen      total 280064K, used 12656K [0x000000076b800000, 0x000000077de00000, 0x00000007c0000000)
  eden space 260096K, 0% used [0x000000076b800000,0x000000076b800000,0x000000077b600000)
  from space 19968K, 63% used [0x000000077ca80000,0x000000077d6dc3e0,0x000000077de00000)
  to   space 20480K, 0% used [0x000000077b600000,0x000000077b600000,0x000000077ca00000)
 ParOldGen       total 173568K, used 18485K [0x00000006c2800000, 0x00000006cd180000, 0x000000076b800000)
  object space 173568K, 10% used [0x00000006c2800000,0x00000006c3a0d650,0x00000006cd180000)
 Metaspace       used 20629K, capacity 21204K, committed 21296K, reserved 1069056K
  class space    used 2433K, capacity 2563K, committed 2608K, reserved 1048576K
}
Event: 3.362 GC heap before
{Heap before GC invocations=7 (full 1):
 PSYoungGen      total 280064K, used 12656K [0x000000076b800000, 0x000000077de00000, 0x00000007c0000000)
  eden space 260096K, 0% used [0x000000076b800000,0x000000076b800000,0x000000077b600000)
  from space 19968K, 63% used [0x000000077ca80000,0x000000077d6dc3e0,0x000000077de00000)
  to   space 20480K, 0% used [0x000000077b600000,0x000000077b600000,0x000000077ca00000)
 ParOldGen       total 173568K, used 18485K [0x00000006c2800000, 0x00000006cd180000, 0x000000076b800000)
  object space 173568K, 10% used [0x00000006c2800000,0x00000006c3a0d650,0x00000006cd180000)
 Metaspace       used 20629K, capacity 21204K, committed 21296K, reserved 1069056K
  class space    used 2433K, capacity 2563K, committed 2608K, reserved 1048576K
Event: 3.485 GC heap after
Heap after GC invocations=7 (full 1):
 PSYoungGen      total 280064K, used 0K [0x000000076b800000, 0x000000077de00000, 0x00000007c0000000)
  eden space 260096K, 0% used [0x000000076b800000,0x000000076b800000,0x000000077b600000)
  from space 19968K, 0% used [0x000000077ca80000,0x000000077ca80000,0x000000077de00000)
  to   space 20480K, 0% used [0x000000077b600000,0x000000077b600000,0x000000077ca00000)
 ParOldGen       total 142336K, used 27730K [0x00000006c2800000, 0x00000006cb300000, 0x000000076b800000)
  object space 142336K, 19% used [0x00000006c2800000,0x00000006c4314ae8,0x00000006cb300000)
 Metaspace       used 20629K, capacity 21204K, committed 21296K, reserved 1069056K
  class space    used 2433K, capacity 2563K, committed 2608K, reserved 1048576K
}

